This is pdfTeXk, Version 3.141592-1.40.3 (Web2C 7.5.6) (format=pdflatex 2009.4.18)  3 MAY 2009 09:26
entering extended mode
 %&-line parsing enabled.
**simulation_toolchain.tex
(./simulation_toolchain.tex
LaTeX2e <2005/12/01>
Babel <v3.8h> and hyphenation patterns for english, usenglishmax, dumylang, noh
yphenation, loaded.
! Undefined control sequence.
l.20 \pspicture
               (8.904560,-47.181200)(23.238372,-6.400000)
? 
! Emergency stop.
l.20 \pspicture
               (8.904560,-47.181200)(23.238372,-6.400000)
End of file on the terminal!

 
Here is how much of TeX's memory you used:
 8 strings out of 95086
 224 string characters out of 1183255
 45034 words of memory out of 1500000
 3280 multiletter control sequences out of 10000+50000
 3640 words of font info for 14 fonts, out of 1200000 for 2000
 28 hyphenation exceptions out of 8191
 7i,0n,6p,99b,8s stack positions out of 5000i,500n,6000p,200000b,5000s
!  ==> Fatal error occurred, no output PDF file produced!
